<?xml version="1.0" encoding="UTF-8" ?>
<testsuite tests="15" failures="0" name="runner.SignUpTest" time="0.073" errors="2" skipped="8">
  <properties>
    <property name="idea.version" value="2018.2.5"/>
    <property name="java.runtime.name" value="Java(TM) SE Runtime Environment"/>
    <property name="sun.boot.library.path" value="C:\Program Files\Java\jdk1.8.0_191\jre\bin"/>
    <property name="java.vm.version" value="25.191-b12"/>
    <property name="java.vm.vendor" value="Oracle Corporation"/>
    <property name="maven.multiModuleProjectDirectory" value="C:\Users\RamiroFernandoPatCha\Documents\IntelliJProjects"/>
    <property name="java.vendor.url" value="http://java.oracle.com/"/>
    <property name="path.separator" value=";"/>
    <property name="guice.disable.misplaced.annotation.check" value="true"/>
    <property name="java.vm.name" value="Java HotSpot(TM) 64-Bit Server VM"/>
    <property name="file.encoding.pkg" value="sun.io"/>
    <property name="user.script" value=""/>
    <property name="user.country" value="US"/>
    <property name="sun.java.launcher" value="SUN_STANDARD"/>
    <property name="sun.os.patch.level" value=""/>
    <property name="java.vm.specification.name" value="Java Virtual Machine Specification"/>
    <property name="user.dir" value="C:\Users\RamiroFernandoPatCha\Documents\IntelliJProjects"/>
    <property name="java.runtime.version" value="1.8.0_191-b12"/>
    <property name="java.awt.graphicsenv" value="sun.awt.Win32GraphicsEnvironment"/>
    <property name="java.endorsed.dirs" value="C:\Program Files\Java\jdk1.8.0_191\jre\lib\endorsed"/>
    <property name="os.arch" value="amd64"/>
    <property name="java.io.tmpdir" value="C:\Users\RAMIRO~1\AppData\Local\Temp\"/>
    <property name="line.separator" value="
"/>
    <property name="java.vm.specification.vendor" value="Oracle Corporation"/>
    <property name="user.variant" value=""/>
    <property name="os.name" value="Windows 10"/>
    <property name="classworlds.conf" value="C:\Program Files\JetBrains\IntelliJ IDEA Community Edition 2018.2.5\plugins\maven\lib\maven3\bin\m2.conf"/>
    <property name="sun.jnu.encoding" value="Cp1252"/>
    <property name="java.library.path" value="C:\Program Files\Java\jdk1.8.0_191\bin;C:\Windows\Sun\Java\bin;C:\Windows\system32;C:\Windows;C:\Program Files (x86)\Common Files\Oracle\Java\javapath;C:\Windows\system32;C:\Windows;C:\Windows\System32\Wbem;C:\Windows\System32\WindowsPowerShell\v1.0\;C:\Windows\System32\OpenSSH\;C:\Users\RamiroFernandoPatCha\Documents\apache-maven-3.5.4\bin;C:\Users\RamiroFernandoPatCha\Documents\geckodriver-v0.23.0-win64\geckodriver.exe;C:\Users\RamiroFernandoPatCha\AppData\Local\Microsoft\WindowsApps;;."/>
    <property name="java.specification.name" value="Java Platform API Specification"/>
    <property name="java.class.version" value="52.0"/>
    <property name="sun.management.compiler" value="HotSpot 64-Bit Tiered Compilers"/>
    <property name="os.version" value="10.0"/>
    <property name="user.home" value="C:\Users\RamiroFernandoPatCha"/>
    <property name="user.timezone" value="America/Chicago"/>
    <property name="java.awt.printerjob" value="sun.awt.windows.WPrinterJob"/>
    <property name="java.specification.version" value="1.8"/>
    <property name="file.encoding" value="UTF-8"/>
    <property name="user.name" value="RamiroFernandoPatCha"/>
    <property name="java.class.path" value="C:\Program Files\JetBrains\IntelliJ IDEA Community Edition 2018.2.5\plugins\maven\lib\maven3\boot\plexus-classworlds-2.5.2.jar;C:\Program Files\JetBrains\IntelliJ IDEA Community Edition 2018.2.5\lib\idea_rt.jar"/>
    <property name="java.vm.specification.version" value="1.8"/>
    <property name="sun.arch.data.model" value="64"/>
    <property name="java.home" value="C:\Program Files\Java\jdk1.8.0_191\jre"/>
    <property name="sun.java.command" value="org.codehaus.classworlds.Launcher -Didea.version=2018.2.5 test"/>
    <property name="java.specification.vendor" value="Oracle Corporation"/>
    <property name="user.language" value="en"/>
    <property name="awt.toolkit" value="sun.awt.windows.WToolkit"/>
    <property name="java.vm.info" value="mixed mode"/>
    <property name="java.version" value="1.8.0_191"/>
    <property name="java.ext.dirs" value="C:\Program Files\Java\jdk1.8.0_191\jre\lib\ext;C:\Windows\Sun\Java\lib\ext"/>
    <property name="sun.boot.class.path" value="C:\Program Files\Java\jdk1.8.0_191\jre\lib\resources.jar;C:\Program Files\Java\jdk1.8.0_191\jre\lib\rt.jar;C:\Program Files\Java\jdk1.8.0_191\jre\lib\sunrsasign.jar;C:\Program Files\Java\jdk1.8.0_191\jre\lib\jsse.jar;C:\Program Files\Java\jdk1.8.0_191\jre\lib\jce.jar;C:\Program Files\Java\jdk1.8.0_191\jre\lib\charsets.jar;C:\Program Files\Java\jdk1.8.0_191\jre\lib\jfr.jar;C:\Program Files\Java\jdk1.8.0_191\jre\classes"/>
    <property name="java.vendor" value="Oracle Corporation"/>
    <property name="maven.home" value="C:\Program Files\JetBrains\IntelliJ IDEA Community Edition 2018.2.5\plugins\maven\lib\maven3"/>
    <property name="file.separator" value="\"/>
    <property name="java.vendor.url.bug" value="http://bugreport.sun.com/bugreport/"/>
    <property name="sun.cpu.endian" value="little"/>
    <property name="sun.io.unicode.encoding" value="UnicodeLittle"/>
    <property name="sun.desktop" value="windows"/>
    <property name="sun.cpu.isalist" value="amd64"/>
  </properties>
  <testcase classname="Scenario: Book a trip successfully" name="Given I am a user on the landing page" time="0.004"/>
  <testcase classname="Scenario: Book a trip successfully" name="When I provide my credentials as follows" time="0"/>
  <testcase classname="Scenario: Book a trip successfully" name="And decide to sign in" time="0"/>
  <testcase classname="Scenario: Book a trip successfully" name="And provide flight details" time="0"/>
  <testcase classname="Scenario: Book a trip successfully" name="And provide preferences" time="0"/>
  <testcase classname="Scenario: Book a trip successfully" name="And press continue" time="0.003">
    <error type="java.lang.NullPointerException">java.lang.NullPointerException
	at java.util.Objects.requireNonNull(Objects.java:203)
	at org.openqa.selenium.support.ui.FluentWait.&lt;init&gt;(FluentWait.java:115)
	at org.openqa.selenium.support.ui.WebDriverWait.&lt;init&gt;(WebDriverWait.java:102)
	at org.openqa.selenium.support.ui.WebDriverWait.&lt;init&gt;(WebDriverWait.java:45)
	at common.WaitUtilClass.waitUntilClickable(WaitUtilClass.java:20)
	at pages.FlightSelectionPage.&lt;init&gt;(FlightSelectionPage.java:21)
	at steps.FlightSelectionStep.pressContinue(FlightSelectionStep.java:22)
	at ✽.And press continue(bookTripFlight.feature:20)
</error>
  </testcase>
  <testcase classname="Scenario: Book a trip successfully" name="Scenario: Book a trip successfully" time="0.004">
    <error type="java.lang.NullPointerException">java.lang.NullPointerException
	at java.util.Objects.requireNonNull(Objects.java:203)
	at org.openqa.selenium.support.ui.FluentWait.&lt;init&gt;(FluentWait.java:115)
	at org.openqa.selenium.support.ui.WebDriverWait.&lt;init&gt;(WebDriverWait.java:102)
	at org.openqa.selenium.support.ui.WebDriverWait.&lt;init&gt;(WebDriverWait.java:45)
	at common.WaitUtilClass.waitUntilClickable(WaitUtilClass.java:20)
	at pages.FlightSelectionPage.&lt;init&gt;(FlightSelectionPage.java:21)
	at steps.FlightSelectionStep.pressContinue(FlightSelectionStep.java:22)
	at ✽.And press continue(bookTripFlight.feature:20)
</error>
  </testcase>
  <testcase classname="Scenario: Book a trip successfully" name="And select a flight randomly" time="0.004">
    <skipped/>
  </testcase>
  <testcase classname="Scenario: Book a trip successfully" name="And press continue" time="0.006">
    <skipped/>
  </testcase>
  <testcase classname="Scenario: Book a trip successfully" name="And provide passengers info" time="0.006">
    <skipped/>
  </testcase>
  <testcase classname="Scenario: Book a trip successfully" name="And provide credit card info" time="0.007">
    <skipped/>
  </testcase>
  <testcase classname="Scenario: Book a trip successfully" name="And provide billing address" time="0.008">
    <skipped/>
  </testcase>
  <testcase classname="Scenario: Book a trip successfully" name="And provide delivery address" time="0.009">
    <skipped/>
  </testcase>
  <testcase classname="Scenario: Book a trip successfully" name="And press continue" time="0.01">
    <skipped/>
  </testcase>
  <testcase classname="Scenario: Book a trip successfully" name="Then I should get a result" time="0.012">
    <skipped/>
  </testcase>
</testsuite>